<?xml version="1.0" encoding="UTF-8"?>
<!-- Generated by org.testng.reporters.JUnitReportReporter -->
<testsuite hostname="YUVARAJSINGH" failures="0" tests="1" name="Runner.TestNgTestRunner" time="0.291" errors="0" timestamp="2023-08-08T23:01:27 IST" skipped="0">
  <testcase classname="Runner.TestNgTestRunner" name="runScenario" time="0.291"/>
</testsuite> <!-- Runner.TestNgTestRunner -->
