<?xml version="1.0" encoding="UTF-8"?>
<!-- Generated by org.testng.reporters.JUnitReportReporter -->
<testsuite hostname="YUVARAJSINGH" failures="0" tests="2" name="yuvaraj.Login" time="28.061" errors="0" timestamp="2023-07-26T21:54:14 IST" skipped="0">
  <testcase classname="yuvaraj.Login" name="uv" time="28.057"/>
  <testcase classname="yuvaraj.Login" name="vig" time="0.004"/>
</testsuite> <!-- yuvaraj.Login -->
